13:44:12.948 [background-preinit] INFO  o.h.v.i.util.Version - [<clinit>,21] - HV000001: Hibernate Validator 6.2.0.Final
13:44:14.229 [main] INFO  c.a.n.c.c.i.LocalConfigInfoProcessor - [<clinit>,67] - LOCAL_SNAPSHOT_PATH:C:\Users\YVKG\nacos\config
13:44:14.232 [main] INFO  c.a.n.c.r.client - [lambda$createClient$0,77] - [RpcClientFactory] create a new rpc client of 6339e04b-0f44-4fbd-944a-4b2e84667f0b_config-0
13:44:14.289 [main] INFO  o.r.Reflections - [scan,232] - Reflections took 32 ms to scan 1 urls, producing 3 keys and 6 values 
13:44:14.326 [main] INFO  o.r.Reflections - [scan,232] - Reflections took 17 ms to scan 1 urls, producing 4 keys and 9 values 
13:44:14.345 [main] INFO  o.r.Reflections - [scan,232] - Reflections took 15 ms to scan 1 urls, producing 3 keys and 10 values 
13:44:14.365 [main] INFO  o.r.Reflections - [scan,232] - Reflections took 13 ms to scan 1 urls, producing 1 keys and 5 values 
13:44:14.385 [main] INFO  o.r.Reflections - [scan,232] - Reflections took 15 ms to scan 1 urls, producing 1 keys and 7 values 
13:44:14.402 [main] INFO  o.r.Reflections - [scan,232] - Reflections took 14 ms to scan 1 urls, producing 2 keys and 8 values 
13:44:14.406 [main] INFO  c.a.n.c.r.client - [printIfInfoEnabled,60] - [6339e04b-0f44-4fbd-944a-4b2e84667f0b_config-0]RpcClient init label, labels={module=config, Vipserver-Tag=null, source=sdk, Amory-Tag=null, Location-Tag=null, taskId=0, AppName=unknown}
13:44:14.407 [main] INFO  c.a.n.c.r.client - [printIfInfoEnabled,60] - [6339e04b-0f44-4fbd-944a-4b2e84667f0b_config-0]Register server push request handler:com.alibaba.nacos.client.config.impl.ClientWorker$ConfigRpcTransportClient$$Lambda$455/0x000000080040ac40
13:44:14.408 [main] INFO  c.a.n.c.r.client - [printIfInfoEnabled,60] - [6339e04b-0f44-4fbd-944a-4b2e84667f0b_config-0]Register server push request handler:com.alibaba.nacos.client.config.impl.ClientWorker$ConfigRpcTransportClient$$Lambda$456/0x000000080040a040
13:44:14.411 [main] INFO  c.a.n.c.r.client - [printIfInfoEnabled,60] - [6339e04b-0f44-4fbd-944a-4b2e84667f0b_config-0]Registry connection listener to current client:com.alibaba.nacos.client.config.impl.ClientWorker$ConfigRpcTransportClient$1
13:44:14.413 [main] INFO  c.a.n.c.r.client - [printIfInfoEnabled,60] - [6339e04b-0f44-4fbd-944a-4b2e84667f0b_config-0]RpcClient init, ServerListFactory =com.alibaba.nacos.client.config.impl.ClientWorker$ConfigRpcTransportClient$2
13:44:14.425 [main] INFO  c.a.n.c.r.client - [printIfInfoEnabled,60] - [6339e04b-0f44-4fbd-944a-4b2e84667f0b_config-0] Try to connect to server on start up, server: {serverIp='42.192.49.72', server main port=8848}
13:44:16.150 [main] INFO  c.a.n.c.r.client - [printIfInfoEnabled,60] - [6339e04b-0f44-4fbd-944a-4b2e84667f0b_config-0] Success to connect to server [42.192.49.72:8848] on start up,connectionId=1642571055927_180.171.84.128_2053
13:44:16.151 [com.alibaba.nacos.client.remote.worker] INFO  c.a.n.c.r.client - [printIfInfoEnabled,60] - [6339e04b-0f44-4fbd-944a-4b2e84667f0b_config-0]Notify connected event to listeners.
13:44:16.152 [main] INFO  c.a.n.c.r.client - [printIfInfoEnabled,60] - [6339e04b-0f44-4fbd-944a-4b2e84667f0b_config-0]Register server push request handler:com.alibaba.nacos.common.remote.client.RpcClient$ConnectResetRequestHandler
13:44:16.153 [com.alibaba.nacos.client.remote.worker] INFO  c.a.n.c.c.i.ClientWorker - [onConnected,681] - [6339e04b-0f44-4fbd-944a-4b2e84667f0b_config-0] Connected,notify listen context...
13:44:16.153 [main] INFO  c.a.n.c.r.client - [printIfInfoEnabled,60] - [6339e04b-0f44-4fbd-944a-4b2e84667f0b_config-0]Register server push request handler:com.alibaba.nacos.common.remote.client.RpcClient$4
13:44:16.211 [main] INFO  c.a.n.c.c.i.Limiter - [<clinit>,56] - limitTime:5.0
13:44:16.238 [main] INFO  c.a.n.c.c.u.JvmUtil - [<clinit>,53] - isMultiInstance:false
13:44:16.311 [main] INFO  c.q.s.MallSystemApplication - [logStartupProfileInfo,674] - The following profiles are active: dev
13:44:20.910 [main] INFO  o.a.c.h.Http11NioProtocol - [log,173] - Initializing ProtocolHandler ["http-nio-9201"]
13:44:20.911 [main] INFO  o.a.c.c.StandardService - [log,173] - Starting service [Tomcat]
13:44:20.911 [main] INFO  o.a.c.c.StandardEngine - [log,173] - Starting Servlet engine: [Apache Tomcat/9.0.56]
13:44:21.189 [main] INFO  o.a.c.c.C.[.[.[/] - [log,173] - Initializing Spring embedded WebApplicationContext
13:44:23.749 [main] INFO  c.a.d.p.DruidDataSource - [init,998] - {dataSource-1,master} inited
13:44:23.754 [main] INFO  c.b.d.d.DynamicRoutingDataSource - [addDataSource,148] - dynamic-datasource - add a datasource named [master] success
13:44:23.754 [main] INFO  c.b.d.d.DynamicRoutingDataSource - [afterPropertiesSet,228] - dynamic-datasource initial loaded [1] datasource,primary datasource named [master]
13:44:28.566 [main] INFO  c.a.c.s.SentinelWebAutoConfiguration - [addInterceptors,80] - [Sentinel Starter] register SentinelWebInterceptor with urlPatterns: [/**].
13:44:29.330 [main] INFO  c.a.n.client.naming - [initNamespaceForNaming,63] - initializer namespace from System Property : null
13:44:29.331 [main] INFO  c.a.n.client.naming - [call,69] - initializer namespace from System Environment :null
13:44:29.333 [main] INFO  c.a.n.client.naming - [call,79] - initializer namespace from System Property :null
13:44:29.380 [main] INFO  c.a.n.c.r.client - [lambda$createClient$0,77] - [RpcClientFactory] create a new rpc client of c2bccfc6-7b4a-40b7-9c2b-942b8e7b6f68
13:44:29.381 [main] INFO  c.a.n.c.r.client - [printIfInfoEnabled,60] - [c2bccfc6-7b4a-40b7-9c2b-942b8e7b6f68]RpcClient init label, labels={module=naming, source=sdk}
13:44:29.384 [main] INFO  c.a.n.c.r.client - [printIfInfoEnabled,60] - [c2bccfc6-7b4a-40b7-9c2b-942b8e7b6f68]RpcClient init, ServerListFactory =com.alibaba.nacos.client.naming.core.ServerListManager
13:44:29.384 [main] INFO  c.a.n.c.r.client - [printIfInfoEnabled,60] - [c2bccfc6-7b4a-40b7-9c2b-942b8e7b6f68]Registry connection listener to current client:com.alibaba.nacos.client.naming.remote.gprc.redo.NamingGrpcRedoService
13:44:29.385 [main] INFO  c.a.n.c.r.client - [printIfInfoEnabled,60] - [c2bccfc6-7b4a-40b7-9c2b-942b8e7b6f68]Register server push request handler:com.alibaba.nacos.client.naming.remote.gprc.NamingPushRequestHandler
13:44:29.386 [main] INFO  c.a.n.c.r.client - [printIfInfoEnabled,60] - [c2bccfc6-7b4a-40b7-9c2b-942b8e7b6f68] Try to connect to server on start up, server: {serverIp='42.192.49.72', server main port=8848}
13:44:29.545 [main] INFO  c.a.n.c.r.client - [printIfInfoEnabled,60] - [c2bccfc6-7b4a-40b7-9c2b-942b8e7b6f68] Success to connect to server [42.192.49.72:8848] on start up,connectionId=1642571069418_180.171.84.128_2054
13:44:29.546 [com.alibaba.nacos.client.remote.worker] INFO  c.a.n.c.r.client - [printIfInfoEnabled,60] - [c2bccfc6-7b4a-40b7-9c2b-942b8e7b6f68]Notify connected event to listeners.
13:44:29.546 [main] INFO  c.a.n.c.r.client - [printIfInfoEnabled,60] - [c2bccfc6-7b4a-40b7-9c2b-942b8e7b6f68]Register server push request handler:com.alibaba.nacos.common.remote.client.RpcClient$ConnectResetRequestHandler
13:44:29.547 [com.alibaba.nacos.client.remote.worker] INFO  c.a.n.client.naming - [onConnected,76] - Grpc connection connect
13:44:29.548 [main] INFO  c.a.n.c.r.client - [printIfInfoEnabled,60] - [c2bccfc6-7b4a-40b7-9c2b-942b8e7b6f68]Register server push request handler:com.alibaba.nacos.common.remote.client.RpcClient$4
13:44:32.051 [main] INFO  c.a.n.client.naming - [isChangedServiceInfo,181] - init new ips(0) service: DEFAULT_GROUP@@mall-system@@DEFAULT -> []
13:44:32.061 [main] INFO  c.a.n.client.naming - [processServiceInfo,166] - current ips:(0) service: DEFAULT_GROUP@@mall-system@@DEFAULT -> []
13:44:32.086 [main] INFO  o.a.c.h.Http11NioProtocol - [log,173] - Starting ProtocolHandler ["http-nio-9201"]
13:44:32.121 [main] INFO  c.a.n.client.naming - [registerService,112] - [REGISTER-SERVICE] public registering service mall-system with instance Instance{instanceId='null', ip='10.200.47.43', port=9201, weight=1.0, healthy=true, enabled=true, ephemeral=true, clusterName='DEFAULT', serviceName='null', metadata={preserved.register.source=SPRING_CLOUD}}
13:44:32.137 [main] INFO  c.a.c.n.r.NacosServiceRegistry - [register,75] - nacos registry, DEFAULT_GROUP mall-system 10.200.47.43:9201 register finished
13:44:32.650 [nacos-grpc-client-executor-7] INFO  c.a.n.c.r.client - [printIfInfoEnabled,60] - [c2bccfc6-7b4a-40b7-9c2b-942b8e7b6f68]receive server push request,request=NotifySubscriberRequest,requestId=28
13:44:32.652 [nacos-grpc-client-executor-7] INFO  c.a.n.client.naming - [isChangedServiceInfo,181] - init new ips(1) service: DEFAULT_GROUP@@mall-system -> [{"ip":"10.200.47.43","port":9201,"weight":1.0,"healthy":true,"enabled":true,"ephemeral":true,"clusterName":"DEFAULT","serviceName":"DEFAULT_GROUP@@mall-system","metadata":{"preserved.register.source":"SPRING_CLOUD"},"ipDeleteTimeout":30000,"instanceHeartBeatTimeOut":15000,"instanceHeartBeatInterval":5000}]
13:44:32.652 [nacos-grpc-client-executor-7] INFO  c.a.n.client.naming - [processServiceInfo,166] - current ips:(1) service: DEFAULT_GROUP@@mall-system -> [{"ip":"10.200.47.43","port":9201,"weight":1.0,"healthy":true,"enabled":true,"ephemeral":true,"clusterName":"DEFAULT","serviceName":"DEFAULT_GROUP@@mall-system","metadata":{"preserved.register.source":"SPRING_CLOUD"},"ipDeleteTimeout":30000,"instanceHeartBeatTimeOut":15000,"instanceHeartBeatInterval":5000}]
13:44:32.654 [nacos-grpc-client-executor-7] INFO  c.a.n.c.r.client - [printIfInfoEnabled,60] - [c2bccfc6-7b4a-40b7-9c2b-942b8e7b6f68]ack server push request,request=NotifySubscriberRequest,requestId=28
13:44:33.075 [com.alibaba.nacos.client.naming.updater.0] INFO  c.a.n.client.naming - [isChangedServiceInfo,235] - new ips(1) service: DEFAULT_GROUP@@mall-system@@DEFAULT -> [{"ip":"10.200.47.43","port":9201,"weight":1.0,"healthy":true,"enabled":true,"ephemeral":true,"clusterName":"DEFAULT","serviceName":"DEFAULT_GROUP@@mall-system","metadata":{"preserved.register.source":"SPRING_CLOUD"},"ipDeleteTimeout":30000,"instanceHeartBeatTimeOut":15000,"instanceHeartBeatInterval":5000}]
13:44:33.076 [com.alibaba.nacos.client.naming.updater.0] INFO  c.a.n.client.naming - [processServiceInfo,166] - current ips:(1) service: DEFAULT_GROUP@@mall-system@@DEFAULT -> [{"ip":"10.200.47.43","port":9201,"weight":1.0,"healthy":true,"enabled":true,"ephemeral":true,"clusterName":"DEFAULT","serviceName":"DEFAULT_GROUP@@mall-system","metadata":{"preserved.register.source":"SPRING_CLOUD"},"ipDeleteTimeout":30000,"instanceHeartBeatTimeOut":15000,"instanceHeartBeatInterval":5000}]
13:44:33.433 [main] INFO  c.q.s.MallSystemApplication - [logStarted,61] - Started MallSystemApplication in 22.019 seconds (JVM running for 27.759)
13:44:33.459 [main] INFO  c.a.n.c.c.i.ClientWorker - [addCacheDataIfAbsent,384] - [config_rpc_client] [subscribe] mall-system+DEFAULT_GROUP
13:44:33.460 [main] INFO  c.a.n.c.c.i.CacheData - [addListener,173] - [config_rpc_client] [add-listener] ok, tenant=, dataId=mall-system, group=DEFAULT_GROUP, cnt=1
13:44:33.460 [main] INFO  c.a.n.c.c.i.ClientWorker - [addCacheDataIfAbsent,384] - [config_rpc_client] [subscribe] mall-system.yml+DEFAULT_GROUP
13:44:33.461 [main] INFO  c.a.n.c.c.i.CacheData - [addListener,173] - [config_rpc_client] [add-listener] ok, tenant=, dataId=mall-system.yml, group=DEFAULT_GROUP, cnt=1
13:44:33.469 [main] INFO  c.a.n.c.c.i.ClientWorker - [addCacheDataIfAbsent,384] - [config_rpc_client] [subscribe] mall-system-dev.yml+DEFAULT_GROUP
13:44:33.469 [main] INFO  c.a.n.c.c.i.CacheData - [addListener,173] - [config_rpc_client] [add-listener] ok, tenant=, dataId=mall-system-dev.yml, group=DEFAULT_GROUP, cnt=1
13:44:34.095 [RMI TCP Connection(2)-192.168.79.1] INFO  o.a.c.c.C.[.[.[/] - [log,173] - Initializing Spring DispatcherServlet 'dispatcherServlet'
13:48:33.466 [SpringApplicationShutdownHook] INFO  c.a.c.n.r.NacosServiceRegistry - [deregister,90] - De-registering from Nacos Server now...
13:48:33.466 [SpringApplicationShutdownHook] INFO  c.a.n.client.naming - [deregisterService,136] - [DEREGISTER-SERVICE] public deregistering service mall-system with instance: Instance{instanceId='null', ip='10.200.47.43', port=9201, weight=1.0, healthy=true, enabled=true, ephemeral=true, clusterName='DEFAULT', serviceName='null', metadata={}}
13:48:33.477 [SpringApplicationShutdownHook] INFO  c.a.c.n.r.NacosServiceRegistry - [deregister,110] - De-registration finished.
13:48:33.478 [SpringApplicationShutdownHook] INFO  c.a.n.client.naming - [shutdown,256] - com.alibaba.nacos.client.naming.cache.ServiceInfoHolder do shutdown begin
13:48:33.478 [SpringApplicationShutdownHook] INFO  c.a.n.client.naming - [shutdown,140] - com.alibaba.nacos.client.naming.backups.FailoverReactor do shutdown begin
13:48:33.479 [SpringApplicationShutdownHook] INFO  c.a.n.client.naming - [shutdown,142] - com.alibaba.nacos.client.naming.backups.FailoverReactor do shutdown stop
13:48:33.479 [SpringApplicationShutdownHook] INFO  c.a.n.client.naming - [shutdown,258] - com.alibaba.nacos.client.naming.cache.ServiceInfoHolder do shutdown stop
13:48:33.479 [SpringApplicationShutdownHook] INFO  c.a.n.client.naming - [shutdown,176] - com.alibaba.nacos.client.naming.remote.NamingClientProxyDelegate do shutdown begin
13:48:33.479 [SpringApplicationShutdownHook] INFO  c.a.n.client.naming - [shutdown,130] - com.alibaba.nacos.client.naming.core.ServiceInfoUpdateService do shutdown begin
13:48:33.783 [SpringApplicationShutdownHook] INFO  c.a.n.client.naming - [shutdown,132] - com.alibaba.nacos.client.naming.core.ServiceInfoUpdateService do shutdown stop
13:48:33.783 [SpringApplicationShutdownHook] INFO  c.a.n.client.naming - [shutdown,188] - com.alibaba.nacos.client.naming.core.ServerListManager do shutdown begin
13:48:33.784 [SpringApplicationShutdownHook] INFO  c.a.n.client.naming - [shutdown,193] - com.alibaba.nacos.client.naming.core.ServerListManager do shutdown stop
13:48:33.784 [SpringApplicationShutdownHook] INFO  c.a.n.client.naming - [shutdown,519] - com.alibaba.nacos.client.naming.remote.http.NamingHttpClientProxy do shutdown begin
13:48:33.784 [SpringApplicationShutdownHook] INFO  c.a.n.client.naming - [shutdown,162] - com.alibaba.nacos.client.naming.beat.BeatReactor do shutdown begin
13:48:33.784 [SpringApplicationShutdownHook] INFO  c.a.n.client.naming - [shutdown,164] - com.alibaba.nacos.client.naming.beat.BeatReactor do shutdown stop
13:48:33.784 [SpringApplicationShutdownHook] INFO  c.a.n.c.i.CredentialWatcher - [stop,105] - [null] CredentialWatcher is stopped
13:48:33.784 [SpringApplicationShutdownHook] INFO  c.a.n.c.i.CredentialService - [free,99] - [null] CredentialService is freed
13:48:33.784 [SpringApplicationShutdownHook] INFO  c.a.n.client.naming - [shutdown,523] - com.alibaba.nacos.client.naming.remote.http.NamingHttpClientProxy do shutdown stop
13:48:33.785 [SpringApplicationShutdownHook] INFO  c.a.n.c.r.client - [shutdown,461] - Shutdown rpc client ,set status to shutdown
13:48:33.785 [SpringApplicationShutdownHook] INFO  c.a.n.c.r.client - [shutdown,463] - Shutdown  client event executor java.util.concurrent.ScheduledThreadPoolExecutor@54988868[Running, pool size = 2, active threads = 2, queued tasks = 0, completed tasks = 0]
13:48:33.785 [SpringApplicationShutdownHook] INFO  c.a.n.c.r.client - [shutdown,465] - Close current connection 1642571069418_180.171.84.128_2054
13:48:33.789 [SpringApplicationShutdownHook] INFO  c.a.n.c.r.c.g.GrpcClient - [shutdown,83] - Shutdown grpc executor java.util.concurrent.ThreadPoolExecutor@5cd3e236[Running, pool size = 6, active threads = 0, queued tasks = 0, completed tasks = 67]
13:48:33.790 [SpringApplicationShutdownHook] INFO  c.a.n.client.naming - [shutdown,251] - Shutdown grpc redo service executor java.util.concurrent.ScheduledThreadPoolExecutor@5b587cfd[Running, pool size = 1, active threads = 0, queued tasks = 1, completed tasks = 81]
13:48:33.791 [SpringApplicationShutdownHook] INFO  c.a.n.client.naming - [shutdown,182] - com.alibaba.nacos.client.naming.remote.NamingClientProxyDelegate do shutdown stop
13:48:34.023 [SpringApplicationShutdownHook] INFO  c.b.d.d.DynamicRoutingDataSource - [destroy,205] - dynamic-datasource start closing ....
13:48:34.033 [SpringApplicationShutdownHook] INFO  c.a.d.p.DruidDataSource - [close,2071] - {dataSource-1} closing ...
13:48:34.060 [SpringApplicationShutdownHook] INFO  c.a.d.p.DruidDataSource - [close,2144] - {dataSource-1} closed
13:48:34.060 [SpringApplicationShutdownHook] INFO  c.b.d.d.DynamicRoutingDataSource - [destroy,209] - dynamic-datasource all closed success,bye
